<?xml version="1.0" encoding="UTF-8"?>
<testng-results ignored="1" total="2" passed="1" failed="0" skipped="0">
  <reporter-output>
  </reporter-output>
  <suite started-at="2023-01-07T17:11:07 IST" name="Default suite" finished-at="2023-01-07T17:11:22 IST" duration-ms="14879">
    <groups>
    </groups>
    <test started-at="2023-01-07T17:11:07 IST" name="Default test" finished-at="2023-01-07T17:11:22 IST" duration-ms="14879">
      <class name="org.homepage.Withoutlogin">
        <test-method signature="m2()[pri:0, instance:org.homepage.Withoutlogin@be35cd9]" started-at="2023-01-07T17:11:07 IST" name="m2" finished-at="2023-01-07T17:11:22 IST" duration-ms="14816" status="PASS">
          <reporter-output>
          </reporter-output>
        </test-method> <!-- m2 -->
      </class> <!-- org.homepage.Withoutlogin -->
    </test> <!-- Default test -->
  </suite> <!-- Default suite -->
</testng-results>
